Reading netlist file: "C:\Gowin\my3_h\fifo_ex1b5h\impl\gwsynthesis\fifo_ex1.vg"
Parsing netlist file "C:\Gowin\my3_h\fifo_ex1b5h\impl\gwsynthesis\fifo_ex1.vg" completed
Processing netlist completed
Reading constraint file: "C:\Gowin\my3_h\fifo_ex1b5h\src\const_h.cst"
Physical Constraint parsed completed
Running placement......
[10%] Placement Phase 0 completed
[20%] Placement Phase 1 completed
[30%] Placement Phase 2 completed
[50%] Placement Phase 3 completed
Running routing......
[60%] Routing Phase 0 completed
[70%] Routing Phase 1 completed
[80%] Routing Phase 2 completed
[90%] Routing Phase 3 completed
Running timing analysis......
[95%] Timing analysis completed
Placement and routing completed
Bitstream generation in progress......
Bitstream generation completed
Running power analysis......
[100%] Power analysis completed
Generate file "C:\Gowin\my3_h\fifo_ex1b5h\impl\pnr\fifo_ex1.power.html" completed
Generate file "C:\Gowin\my3_h\fifo_ex1b5h\impl\pnr\fifo_ex1.pin.html" completed
Generate file "C:\Gowin\my3_h\fifo_ex1b5h\impl\pnr\fifo_ex1.rpt.html" completed
Generate file "C:\Gowin\my3_h\fifo_ex1b5h\impl\pnr\fifo_ex1.rpt.txt" completed
Generate file "C:\Gowin\my3_h\fifo_ex1b5h\impl\pnr\fifo_ex1.tr.html" completed
Mon Jan 27 10:14:15 2025

